<?xml version="1.0" encoding="UTF-8"?>
<testsuite name="com.jysohn0825.core.ExtractSchoolTest" tests="1" skipped="0" failures="0" errors="0" timestamp="2023-10-16T12:48:00" hostname="sonjin-yeong-ui-MacBookAir.local" time="0.028">
  <properties/>
  <testcase name="test()" classname="com.jysohn0825.core.ExtractSchoolTest" time="0.028"/>
  <system-out><![CDATA[]]></system-out>
  <system-err><![CDATA[]]></system-err>
</testsuite>
